<?xml version="1.0" encoding="UTF-8"?>
<testng-results ignored="0" total="1" passed="1" failed="0" skipped="0">
  <reporter-output>
  </reporter-output>
  <suite started-at="2025-01-09T17:31:01 IST" name="Default suite" finished-at="2025-01-09T17:31:30 IST" duration-ms="29035">
    <groups>
    </groups>
    <test started-at="2025-01-09T17:31:01 IST" name="Default test" finished-at="2025-01-09T17:31:30 IST" duration-ms="29035">
      <class name="com.demoqa.Testcases.FormsTestCase_02">
        <test-method is-config="true" signature="initialization()[pri:0, instance:com.demoqa.Testcases.FormsTestCase_02@196a42c3]" started-at="2025-01-09T17:31:01 IST" name="initialization" finished-at="2025-01-09T17:31:17 IST" duration-ms="16206" status="PASS">
          <reporter-output>
          </reporter-output>
        </test-method> <!-- initialization -->
        <test-method is-config="true" signature="setup()[pri:0, instance:com.demoqa.Testcases.FormsTestCase_02@196a42c3]" started-at="2025-01-09T17:31:17 IST" name="setup" finished-at="2025-01-09T17:31:17 IST" duration-ms="1" status="PASS">
          <reporter-output>
          </reporter-output>
        </test-method> <!-- setup -->
        <test-method is-config="true" signature="eventListener(java.lang.reflect.Method)[pri:0, instance:com.demoqa.Testcases.FormsTestCase_02@196a42c3]" started-at="2025-01-09T17:31:19 IST" name="eventListener" finished-at="2025-01-09T17:31:19 IST" duration-ms="550" status="PASS">
          <params>
            <param index="0">
              <value>
                <![CDATA[public void com.demoqa.Testcases.FormsTestCase_02.Forms(java.lang.String,java.lang.String,java.lang.String,java.lang.String,java.lang.String,java.lang.String,java.lang.String,java.lang.String,java.lang.String,java.lang.String,java.lang.String,java.lang.String,java.lang.String,java.lang.String,java.lang.String,java.lang.String,java.lang.String) throws java.lang.Exception]]>
              </value>
            </param>
          </params>
          <reporter-output>
          </reporter-output>
        </test-method> <!-- eventListener -->
        <test-method signature="Forms(java.lang.String,java.lang.String,java.lang.String,java.lang.String,java.lang.String,java.lang.String,java.lang.String,java.lang.String,java.lang.String,java.lang.String,java.lang.String,java.lang.String,java.lang.String,java.lang.String,java.lang.String,java.lang.String,java.lang.String)[pri:0, instance:com.demoqa.Testcases.FormsTestCase_02@196a42c3]" started-at="2025-01-09T17:31:19 IST" name="Forms" data-provider="Excel" finished-at="2025-01-09T17:31:29 IST" duration-ms="9841" status="PASS">
          <params>
            <param index="0">
              <value>
                <![CDATA[Forms]]>
              </value>
            </param>
            <param index="1">
              <value>
                <![CDATA[Practice Form]]>
              </value>
            </param>
            <param index="2">
              <value>
                <![CDATA[Abhi]]>
              </value>
            </param>
            <param index="3">
              <value>
                <![CDATA[Kalaje]]>
              </value>
            </param>
            <param index="4">
              <value>
                <![CDATA[Kalaje@gmail.com]]>
              </value>
            </param>
            <param index="5">
              <value>
                <![CDATA[Male]]>
              </value>
            </param>
            <param index="6">
              <value>
                <![CDATA[1236547896]]>
              </value>
            </param>
            <param index="7">
              <value>
                <![CDATA[June]]>
              </value>
            </param>
            <param index="8">
              <value>
                <![CDATA[2000]]>
              </value>
            </param>
            <param index="9">
              <value>
                <![CDATA[4]]>
              </value>
            </param>
            <param index="10">
              <value>
                <![CDATA[Sports]]>
              </value>
            </param>
            <param index="11">
              <value>
                <![CDATA[Reading]]>
              </value>
            </param>
            <param index="12">
              <value>
                <![CDATA[Music]]>
              </value>
            </param>
            <param index="13">
              <value>
                <![CDATA[D:\Shubham\New folder\shubham_Workspace\Demoqa_Project\TestData\ODBC.png]]>
              </value>
            </param>
            <param index="14">
              <value>
                <![CDATA[Devi nagar bengaluru]]>
              </value>
            </param>
            <param index="15">
              <value>
                <![CDATA[NCR]]>
              </value>
            </param>
            <param index="16">
              <value>
                <![CDATA[Noida]]>
              </value>
            </param>
          </params>
          <reporter-output>
          </reporter-output>
        </test-method> <!-- Forms -->
        <test-method is-config="true" signature="generateReport(org.testng.ITestResult)[pri:0, instance:com.demoqa.Testcases.FormsTestCase_02@196a42c3]" started-at="2025-01-09T17:31:29 IST" name="generateReport" finished-at="2025-01-09T17:31:29 IST" duration-ms="1" status="PASS">
          <params>
            <param index="0">
              <value>
                <![CDATA[[TestResult name=Forms status=SUCCESS method=FormsTestCase_02.Forms(java.lang.String,java.lang.String,java.lang.String,java.lang.String,java.lang.String,java.lang.String,java.lang.String,java.lang.String,java.lang.String,java.lang.String,java.lang.String,java.lang.String,java.lang.String,java.lang.String,java.lang.String,java.lang.String,java.lang.String)[pri:0, instance:com.demoqa.Testcases.FormsTestCase_02@196a42c3] output={null}]]]>
              </value>
            </param>
          </params>
          <reporter-output>
          </reporter-output>
        </test-method> <!-- generateReport -->
        <test-method is-config="true" signature="quitDriver()[pri:0, instance:com.demoqa.Testcases.FormsTestCase_02@196a42c3]" started-at="2025-01-09T17:31:29 IST" name="quitDriver" finished-at="2025-01-09T17:31:30 IST" duration-ms="824" status="PASS">
          <reporter-output>
          </reporter-output>
        </test-method> <!-- quitDriver -->
      </class> <!-- com.demoqa.Testcases.FormsTestCase_02 -->
    </test> <!-- Default test -->
  </suite> <!-- Default suite -->
</testng-results>
