<?xml version="1.0" encoding="UTF-8"?>
<testng-results ignored="0" total="1" passed="1" failed="0" skipped="0">
  <reporter-output>
  </reporter-output>
  <suite started-at="2025-01-09T16:18:13 IST" name="Suite" finished-at="2025-01-09T16:18:36 IST" duration-ms="22934">
    <groups>
    </groups>
    <test started-at="2025-01-09T16:18:13 IST" name="Test" finished-at="2025-01-09T16:18:36 IST" duration-ms="22934">
      <class name="com.demoqa.Testcases.BookStoreApplicationTestcase_06">
        <test-method is-config="true" signature="initialization()[pri:0, instance:com.demoqa.Testcases.BookStoreApplicationTestcase_06@196a42c3]" started-at="2025-01-09T16:18:13 IST" name="initialization" finished-at="2025-01-09T16:18:20 IST" duration-ms="7258" status="PASS">
          <reporter-output>
          </reporter-output>
        </test-method> <!-- initialization -->
        <test-method is-config="true" signature="setup()[pri:0, instance:com.demoqa.Testcases.BookStoreApplicationTestcase_06@196a42c3]" started-at="2025-01-09T16:18:20 IST" name="setup" finished-at="2025-01-09T16:18:20 IST" duration-ms="1" status="PASS">
          <reporter-output>
          </reporter-output>
        </test-method> <!-- setup -->
        <test-method is-config="true" signature="EvenListner(java.lang.reflect.Method)[pri:0, instance:com.demoqa.Testcases.BookStoreApplicationTestcase_06@196a42c3]" started-at="2025-01-09T16:18:25 IST" name="EvenListner" finished-at="2025-01-09T16:18:26 IST" duration-ms="862" status="PASS">
          <params>
            <param index="0">
              <value>
                <![CDATA[public void com.demoqa.Testcases.BookStoreApplicationTestcase_06.BookStore(java.lang.String,java.lang.String,java.lang.String,java.lang.String,java.lang.String)]]>
              </value>
            </param>
          </params>
          <reporter-output>
          </reporter-output>
        </test-method> <!-- EvenListner -->
        <test-method signature="BookStore(java.lang.String,java.lang.String,java.lang.String,java.lang.String,java.lang.String)[pri:0, instance:com.demoqa.Testcases.BookStoreApplicationTestcase_06@196a42c3]" started-at="2025-01-09T16:18:26 IST" name="BookStore" data-provider="Excel" finished-at="2025-01-09T16:18:35 IST" duration-ms="8925" status="PASS">
          <params>
            <param index="0">
              <value>
                <![CDATA[Book Store Application]]>
              </value>
            </param>
            <param index="1">
              <value>
                <![CDATA[Login]]>
              </value>
            </param>
            <param index="2">
              <value>
                <![CDATA[Abhi]]>
              </value>
            </param>
            <param index="3">
              <value>
                <![CDATA[Shubh@123]]>
              </value>
            </param>
            <param index="4">
              <value>
                <![CDATA[You Don't Know JS]]>
              </value>
            </param>
          </params>
          <reporter-output>
          </reporter-output>
        </test-method> <!-- BookStore -->
        <test-method is-config="true" signature="genrateReport(org.testng.ITestResult)[pri:0, instance:com.demoqa.Testcases.BookStoreApplicationTestcase_06@196a42c3]" started-at="2025-01-09T16:18:35 IST" name="genrateReport" finished-at="2025-01-09T16:18:35 IST" duration-ms="25" status="PASS">
          <params>
            <param index="0">
              <value>
                <![CDATA[[TestResult name=BookStore status=SUCCESS method=BookStoreApplicationTestcase_06.BookStore(java.lang.String,java.lang.String,java.lang.String,java.lang.String,java.lang.String)[pri:0, instance:com.demoqa.Testcases.BookStoreApplicationTestcase_06@196a42c3] output={null}]]]>
              </value>
            </param>
          </params>
          <reporter-output>
          </reporter-output>
        </test-method> <!-- genrateReport -->
        <test-method is-config="true" signature="quitDriver()[pri:0, instance:com.demoqa.Testcases.BookStoreApplicationTestcase_06@196a42c3]" started-at="2025-01-09T16:18:35 IST" name="quitDriver" finished-at="2025-01-09T16:18:36 IST" duration-ms="1120" status="PASS">
          <reporter-output>
          </reporter-output>
        </test-method> <!-- quitDriver -->
      </class> <!-- com.demoqa.Testcases.BookStoreApplicationTestcase_06 -->
    </test> <!-- Test -->
  </suite> <!-- Suite -->
</testng-results>
